<?xml version="1.0" encoding="UTF-8"?>
<!-- Generated by org.testng.reporters.JUnitReportReporter -->
<testsuite hostname="LAPTOP-5NJGE6VO" failures="0" tests="1" name="com.obsqura.rmartSuperMarket.testscript.ExpenseCategoryTest" time="16.451" errors="0" timestamp="2023-07-30T09:00:15 IST" skipped="0">
  <testcase classname="com.obsqura.rmartSuperMarket.testscript.ExpenseCategoryTest" name="verifyUserAbleToEditTheTile" time="16.451"/>
</testsuite> <!-- com.obsqura.rmartSuperMarket.testscript.ExpenseCategoryTest -->
