<?xml version="1.0" encoding="UTF-8"?>
<!-- Generated by org.testng.reporters.JUnitReportReporter -->
<testsuite hostname="LAPTOP-5NJGE6VO" failures="0" tests="1" name="com.obsqura.rmartSuperMarket.testscript.ManageDeliveryBoyTest" time="15.477" errors="0" timestamp="2023-07-29T15:17:32 IST" skipped="0">
  <testcase classname="com.obsqura.rmartSuperMarket.testscript.ManageDeliveryBoyTest" name="verifyTheUserExistsInTheVerifyUsersList" time="15.477"/>
</testsuite> <!-- com.obsqura.rmartSuperMarket.testscript.ManageDeliveryBoyTest -->
