<?xml version="1.0" encoding="UTF-8"?>
<!-- Generated by org.testng.reporters.JUnitReportReporter -->
<testsuite hostname="LAPTOP-5NJGE6VO" failures="0" tests="1" name="com.obsqura.rmartSuperMarket.testscript.VerifyUsersTest" time="24.849" errors="0" timestamp="2023-08-02T12:27:14 IST" skipped="0">
  <testcase classname="com.obsqura.rmartSuperMarket.testscript.VerifyUsersTest" name="checkingSearchFunctioanlity" time="24.849"/>
</testsuite> <!-- com.obsqura.rmartSuperMarket.testscript.VerifyUsersTest -->
