<?xml version="1.0" encoding="UTF-8"?>
<!-- Generated by org.testng.reporters.JUnitReportReporter -->
<testsuite hostname="LAPTOP-5NJGE6VO" failures="0" tests="1" name="com.obsqura.rmartSuperMarket.testscript.ManageCategoryTest" time="42.399" errors="0" timestamp="2023-07-27T12:13:30 IST" skipped="0">
  <testcase classname="com.obsqura.rmartSuperMarket.testscript.ManageCategoryTest" name="verifyWhetherTheUserAbleToAddValuesInManageCategory" time="42.399"/>
</testsuite> <!-- com.obsqura.rmartSuperMarket.testscript.ManageCategoryTest -->
