<?xml version="1.0" encoding="UTF-8"?>
<!-- Generated by org.testng.reporters.JUnitReportReporter -->
<testsuite hostname="LAPTOP-5NJGE6VO" failures="0" tests="2" name="com.obsqura.rmartSuperMarket.testscript.MobileSliderTest" time="48.621" errors="0" timestamp="2023-08-02T13:25:25 IST" skipped="1">
  <testcase classname="com.obsqura.rmartSuperMarket.testscript.MobileSliderTest" name="checkWhetherTheUserAbletoSubmitTheMobileSlider" time="23.819">
    <skipped/>
  </testcase> <!-- checkWhetherTheUserAbletoSubmitTheMobileSlider -->
  <testcase classname="com.obsqura.rmartSuperMarket.testscript.MobileSliderTest" name="checkWhetherTheUserAbletoSubmitTheMobileSlider" time="24.802"/>
</testsuite> <!-- com.obsqura.rmartSuperMarket.testscript.MobileSliderTest -->
