<?xml version="1.0" encoding="UTF-8"?>
<!-- Generated by org.testng.reporters.JUnitReportReporter -->
<testsuite hostname="LAPTOP-5NJGE6VO" failures="0" tests="1" name="com.obsqura.rmartSuperMarket.testscript.LoginTest" time="16.522" errors="0" timestamp="2023-08-02T13:15:35 IST" skipped="0">
  <testcase classname="com.obsqura.rmartSuperMarket.testscript.LoginTest" name="verifyTheUserCannotLoginWithInvalidUserNameandInvalidPassword" time="16.522"/>
</testsuite> <!-- com.obsqura.rmartSuperMarket.testscript.LoginTest -->
