<?xml version="1.0" encoding="UTF-8"?>
<!-- Generated by org.testng.reporters.JUnitReportReporter -->
<testsuite hostname="LAPTOP-5NJGE6VO" failures="0" tests="2" name="com.obsqura.rmartSuperMarket.testscript.PushNotificationTest" time="67.548" errors="0" timestamp="2023-08-01T08:19:53 IST" skipped="0">
  <testcase classname="com.obsqura.rmartSuperMarket.testscript.PushNotificationTest" name="verifyWhetherUserAbleToSendTheNotification" time="32.557"/>
  <testcase classname="com.obsqura.rmartSuperMarket.testscript.PushNotificationTest" name="verifyWhetherUserAbleToSendTheNotification" time="34.991"/>
</testsuite> <!-- com.obsqura.rmartSuperMarket.testscript.PushNotificationTest -->
